<?xml version="1.0" encoding="UTF-8"?>
<!-- Generated by org.testng.reporters.JUnitReportReporter -->
<testsuite hostname="SPT-LPT-0343" failures="0" tests="1" name="UATUIAutomation.TestPages.CookieInternationalPOPUP" time="15.532" errors="0" timestamp="2024-12-04T17:23:42 IST" skipped="0">
  <testcase classname="UATUIAutomation.TestPages.CookieInternationalPOPUP" name="cookieCloseIcon" time="15.532"/>
</testsuite> <!-- UATUIAutomation.TestPages.CookieInternationalPOPUP -->
