<?xml version="1.0" encoding="UTF-8"?>
<!-- Generated by org.testng.reporters.JUnitReportReporter -->
<testsuite hostname="SPT-LPT-0343" failures="0" tests="1" name="UATUIAutomation.Base" time="0.024" errors="0" timestamp="2024-11-23T00:53:38 IST" skipped="0">
  <testcase classname="UATUIAutomation.Base" name="yy" time="0.024"/>
</testsuite> <!-- UATUIAutomation.Base -->
