<?xml version="1.0" encoding="UTF-8"?>
<!-- Generated by org.testng.reporters.JUnitReportReporter -->
<testsuite hostname="SPT-LPT-0343" failures="0" tests="1" name="UATUIAutomation.TestPages.SiteLoginTest" time="13.746" errors="0" timestamp="2024-12-05T12:49:15 IST" skipped="0">
  <testcase classname="UATUIAutomation.TestPages.SiteLoginTest" name="siteLogin" time="13.746"/>
</testsuite> <!-- UATUIAutomation.TestPages.SiteLoginTest -->
